Vivado Simulator v2025.1.0
Copyright 1986-2022 Xilinx, Inc. All Rights Reserved.
Copyright 2022-2025 Advanced Micro Devices, Inc. All Rights Reserved.
Running: C:/Xilinx/2025.1/Vivado/bin/unwrapped/win64.o/xelab.exe --incr --debug typical --relax --mt 2 -L xil_defaultlib -L unisims_ver -L unimacro_ver -L secureip --snapshot shaper_tb_behav xil_defaultlib.shaper_tb xil_defaultlib.glbl -log elaborate.log 
Using 2 slave threads.
Starting static elaboration
Pass Through NonSizing Optimizer
Completed static elaboration
Starting simulation data flow analysis
WARNING: [XSIM 43-4099] "C:/Users/fabin/Documents/Doutorado/INSCIT-2026/verilog/iir_ordem1.v" Line 1. Module iir_ordem1(BITS_IN=34,G_SAIDA_LOG=15) doesn't have a timescale but at least one module in design has a timescale.
WARNING: [XSIM 43-4099] "C:/Users/fabin/Documents/Doutorado/INSCIT-2026/verilog/iir_ordem1.v" Line 1. Module iir_ordem1(BITS_IN=34,G_SAIDA_LOG=15) doesn't have a timescale but at least one module in design has a timescale.
WARNING: [XSIM 43-4099] "C:/Users/fabin/Documents/Doutorado/INSCIT-2026/verilog/iir_ordem1.v" Line 1. Module iir_ordem1(BITS_IN=34,G_SAIDA_LOG=15) doesn't have a timescale but at least one module in design has a timescale.
WARNING: [XSIM 43-4099] "C:/Users/fabin/Documents/Doutorado/INSCIT-2026/verilog/iir_ordem2.v" Line 1. Module iir_ordem2(BITS_IN=34,G_SAIDA_LOG=15,b0=32'sb11111111111110110100110011100110,b1=32'sb11111111111111111111110010001011,a1=32'sb01101001011,a2=32'sb01110) doesn't have a timescale but at least one module in design has a timescale.
WARNING: [XSIM 43-4099] "C:/Users/fabin/Documents/Doutorado/INSCIT-2026/verilog/iir_ordem1.v" Line 1. Module iir_ordem1(BITS_IN=34,G_SAIDA_LOG=15) doesn't have a timescale but at least one module in design has a timescale.
WARNING: [XSIM 43-4099] "C:/Users/fabin/Documents/Doutorado/INSCIT-2026/verilog/iir_ordem1.v" Line 1. Module iir_ordem1(BITS_IN=34,G_SAIDA_LOG=15) doesn't have a timescale but at least one module in design has a timescale.
WARNING: [XSIM 43-4099] "C:/Users/fabin/Documents/Doutorado/INSCIT-2026/verilog/iir_ordem1.v" Line 1. Module iir_ordem1(BITS_IN=34,G_SAIDA_LOG=15) doesn't have a timescale but at least one module in design has a timescale.
WARNING: [XSIM 43-4099] "C:/Users/fabin/Documents/Doutorado/INSCIT-2026/verilog/iir_ordem1.v" Line 1. Module iir_ordem1(BITS_IN=34,G_SAIDA_LOG=15) doesn't have a timescale but at least one module in design has a timescale.
WARNING: [XSIM 43-4099] "C:/Users/fabin/Documents/Doutorado/INSCIT-2026/verilog/iir_ordem1.v" Line 1. Module iir_ordem1(BITS_IN=34,G_SAIDA_LOG=15) doesn't have a timescale but at least one module in design has a timescale.
WARNING: [XSIM 43-4099] "C:/Users/fabin/Documents/Doutorado/INSCIT-2026/verilog/iir_ordem1.v" Line 1. Module iir_ordem1(BITS_IN=34,G_SAIDA_LOG=15) doesn't have a timescale but at least one module in design has a timescale.
WARNING: [XSIM 43-4099] "C:/Users/fabin/Documents/Doutorado/INSCIT-2026/verilog/iir_ordem2.v" Line 1. Module iir_ordem2(BITS_IN=34,G_SAIDA_LOG=15,b0=32'sb11111111111110110100110011100110,b1=32'sb11111111111111111111110010001011,a1=32'sb01101001011,a2=32'sb01110) doesn't have a timescale but at least one module in design has a timescale.
WARNING: [XSIM 43-4099] "C:/Users/fabin/Documents/Doutorado/INSCIT-2026/verilog/iir_ordem1.v" Line 1. Module iir_ordem1(BITS_IN=34,G_SAIDA_LOG=15) doesn't have a timescale but at least one module in design has a timescale.
WARNING: [XSIM 43-4099] "C:/Users/fabin/Documents/Doutorado/INSCIT-2026/verilog/iir_ordem1.v" Line 1. Module iir_ordem1(BITS_IN=34,G_SAIDA_LOG=15) doesn't have a timescale but at least one module in design has a timescale.
WARNING: [XSIM 43-4099] "C:/Users/fabin/Documents/Doutorado/INSCIT-2026/verilog/iir_ordem1.v" Line 1. Module iir_ordem1(BITS_IN=34,G_SAIDA_LOG=15) doesn't have a timescale but at least one module in design has a timescale.
Completed simulation data flow analysis
Time Resolution for simulation is 1ps
Compiling module xil_defaultlib.iir_ordem1(BITS_IN=34,G_SAIDA_LO...
Compiling module xil_defaultlib.iir_ordem2(BITS_IN=34,G_SAIDA_LO...
Compiling module xil_defaultlib.shaper
Compiling module xil_defaultlib.shaper_tb
Compiling module xil_defaultlib.glbl
Built simulation snapshot shaper_tb_behav
